<?xml version="1.0" encoding="UTF-8"?>
<!-- Generated by org.testng.reporters.JUnitReportReporter -->
<testsuite skipped="0" hostname="SBMAC0425.local" name="com.jtvqa.baseclass.Reverse" tests="1" failures="0" timestamp="30 Jul 2019 10:51:19 GMT" time="0.020" errors="0">
  <testcase name="array" time="0.020" classname="com.jtvqa.baseclass.Reverse"/>
</testsuite> <!-- com.jtvqa.baseclass.Reverse -->
